<?xml version="1.0" encoding="UTF-8"?>
<!-- Generated by org.testng.reporters.JUnitReportReporter -->
<testsuite hostname="MSI" failures="0" tests="1" name="test.NewCustomerTest" time="12.609" errors="0" timestamp="2024-02-07T21:40:36 CST" skipped="0">
  <testcase classname="test.NewCustomerTest" name="userShouldBeAbleToAddNewCustomer" time="12.609"/>
  <system-out/>
</testsuite> <!-- test.NewCustomerTest -->
