<?xml version="1.0" encoding="UTF-8"?>
<!-- Generated by org.testng.reporters.JUnitReportReporter -->
<testsuite hostname="MSI" failures="0" tests="1" name="test.LoginTest" time="3.218" errors="0" timestamp="2024-02-03T13:02:32 CST" skipped="0">
  <testcase classname="test.LoginTest" name="validUserShouldBeAbleToLogin" time="3.218"/>
  <system-out/>
</testsuite> <!-- test.LoginTest -->
